<?xml version="1.0" encoding="UTF-8"?>
<!-- Generated by org.testng.reporters.JUnitReportReporter -->
<testsuite hostname="LAPTOP-EEAS1CV9" failures="0" tests="1" name="com.TestScript.LearningRegisterTest" time="5.237" errors="0" timestamp="2023-06-15T17:42:07 IST" skipped="0">
  <testcase classname="com.TestScript.LearningRegisterTest" name="Register" time="5.237"/>
  <system-out/>
</testsuite> <!-- com.TestScript.LearningRegisterTest -->
