<?xml version="1.0" encoding="UTF-8"?>
<!-- Generated by org.testng.reporters.JUnitReportReporter -->
<testsuite hostname="LAPTOP-EEAS1CV9" failures="0" tests="1" name="com.TestScript.Demo" time="2.283" errors="0" timestamp="2023-06-19T11:57:52 IST" skipped="0">
  <testcase classname="com.TestScript.Demo" name="m1" time="2.283"/>
  <system-out/>
</testsuite> <!-- com.TestScript.Demo -->
