<?xml version="1.0" encoding="UTF-8"?>
<!-- Generated by org.testng.reporters.JUnitReportReporter -->
<testsuite hostname="LAPTOP-EEAS1CV9" failures="0" tests="1" name="com.TestScript.DWS_Login" time="1.961" errors="0" timestamp="2023-06-15T09:51:58 IST" skipped="0">
  <testcase classname="com.TestScript.DWS_Login" name="Login" time="1.961"/>
  <system-out/>
</testsuite> <!-- com.TestScript.DWS_Login -->
