<?xml version="1.0" encoding="UTF-8"?>
<!-- Generated by org.testng.reporters.JUnitReportReporter -->
<testsuite hostname="LAPTOP-EEAS1CV9" failures="0" tests="1" name="com.DemoWebShopTestScript.DWS_Login_Logout_TestCase" time="3.363" errors="0" timestamp="2023-06-19T16:30:53 IST" skipped="0">
  <testcase classname="com.DemoWebShopTestScript.DWS_Login_Logout_TestCase" name="loginLogout" time="3.363"/>
  <system-out/>
</testsuite> <!-- com.DemoWebShopTestScript.DWS_Login_Logout_TestCase -->
