<?xml version="1.0" encoding="UTF-8"?>
<!-- Generated by org.testng.reporters.JUnitReportReporter -->
<testsuite hostname="LAPTOP-EEAS1CV9" failures="0" tests="1" name="com.DemoWebShopTestScript.DWS_Removing_Product_In_the_Shopping_Cart" time="11.951" errors="0" timestamp="2023-06-19T15:06:41 IST" skipped="0">
  <testcase classname="com.DemoWebShopTestScript.DWS_Removing_Product_In_the_Shopping_Cart" name="removingProduct" time="11.951"/>
  <system-out/>
</testsuite> <!-- com.DemoWebShopTestScript.DWS_Removing_Product_In_the_Shopping_Cart -->
