<?xml version="1.0" encoding="UTF-8"?>
<!-- Generated by org.testng.reporters.JUnitReportReporter -->
<testsuite hostname="LAPTOP-EEAS1CV9" failures="0" tests="1" name="com.DemoWebShopTestScript.DWS_Subscribe_TestCase" time="0.394" errors="0" timestamp="2023-06-19T12:13:36 IST" skipped="0">
  <testcase classname="com.DemoWebShopTestScript.DWS_Subscribe_TestCase" name="subscribe" time="0.394"/>
  <system-out/>
</testsuite> <!-- com.DemoWebShopTestScript.DWS_Subscribe_TestCase -->
