<?xml version="1.0" encoding="UTF-8"?>
<!-- Generated by org.testng.reporters.JUnitReportReporter -->
<testsuite hostname="LAPTOP-EEAS1CV9" failures="0" tests="1" name="com.DemoWebShopTestScript.DWS_Add_To_WishList" time="6.074" errors="0" timestamp="2023-06-19T15:56:18 IST" skipped="0">
  <testcase classname="com.DemoWebShopTestScript.DWS_Add_To_WishList" name="addToWishlist" time="6.074"/>
  <system-out/>
</testsuite> <!-- com.DemoWebShopTestScript.DWS_Add_To_WishList -->
