<?xml version="1.0" encoding="UTF-8"?>
<!-- Generated by org.testng.reporters.JUnitReportReporter -->
<testsuite hostname="LAPTOP-EEAS1CV9" failures="0" tests="1" name="com.DemoWebShopTestScript.DWS_SearchItems_TestCase" time="3.367" errors="0" timestamp="2023-06-19T12:28:06 IST" skipped="0">
  <testcase classname="com.DemoWebShopTestScript.DWS_SearchItems_TestCase" name="search" time="3.367"/>
  <system-out/>
</testsuite> <!-- com.DemoWebShopTestScript.DWS_SearchItems_TestCase -->
