<?xml version="1.0" encoding="UTF-8"?>
<!-- Generated by org.testng.reporters.JUnitReportReporter -->
<testsuite hostname="LAPTOP-EEAS1CV9" failures="0" tests="1" name="com.DemoWebShopTestScript.DWS_Add_To_Cart_Books_TestCase" time="17.454" errors="0" timestamp="2023-06-19T14:58:10 IST" skipped="0">
  <testcase classname="com.DemoWebShopTestScript.DWS_Add_To_Cart_Books_TestCase" name="books" time="17.454"/>
  <system-out/>
</testsuite> <!-- com.DemoWebShopTestScript.DWS_Add_To_Cart_Books_TestCase -->
