<?xml version="1.0" encoding="UTF-8"?>
<!-- Generated by org.testng.reporters.JUnitReportReporter -->
<testsuite hostname="LAPTOP-EEAS1CV9" failures="0" tests="1" name="com.DemoWebShopTestScript.DWS_Community_Poll" time="0.627" errors="0" timestamp="2023-06-19T16:58:08 IST" skipped="0">
  <testcase classname="com.DemoWebShopTestScript.DWS_Community_Poll" name="communityPoll" time="0.627"/>
  <system-out/>
</testsuite> <!-- com.DemoWebShopTestScript.DWS_Community_Poll -->
