<?xml version="1.0" encoding="UTF-8"?>
<!-- Generated by org.testng.reporters.JUnitReportReporter -->
<testsuite hostname="LAPTOP-EEAS1CV9" failures="0" tests="1" name="com.DemoWebShopTestScript.DWS_LoginTest_Case" time="1.907" errors="0" timestamp="2023-06-19T12:03:03 IST" skipped="0">
  <testcase classname="com.DemoWebShopTestScript.DWS_LoginTest_Case" name="login" time="1.907"/>
  <system-out/>
</testsuite> <!-- com.DemoWebShopTestScript.DWS_LoginTest_Case -->
