<?xml version="1.0" encoding="UTF-8"?>
<!-- Generated by org.testng.reporters.JUnitReportReporter -->
<testsuite hostname="LAPTOP-EEAS1CV9" failures="0" tests="1" name="com.DemoWebShopTestScript.Add_product_to_cart_In_Wishlist" time="6.196" errors="0" timestamp="2023-06-19T16:02:25 IST" skipped="0">
  <testcase classname="com.DemoWebShopTestScript.Add_product_to_cart_In_Wishlist" name="wishlistProduct" time="6.196"/>
  <system-out/>
</testsuite> <!-- com.DemoWebShopTestScript.Add_product_to_cart_In_Wishlist -->
