<?xml version="1.0" encoding="UTF-8"?>
<!-- Generated by org.testng.reporters.JUnitReportReporter -->
<testsuite hostname="LAPTOP-EEAS1CV9" failures="0" tests="1" name="com.TestScript.LearningRegister" time="8.599" errors="0" timestamp="2023-06-14T12:38:35 IST" skipped="0">
  <testcase classname="com.TestScript.LearningRegister" name="Register" time="8.599"/>
  <system-out/>
</testsuite> <!-- com.TestScript.LearningRegister -->
