<?xml version="1.0" encoding="UTF-8"?>
<!-- Generated by org.testng.reporters.JUnitReportReporter -->
<testsuite hostname="LAPTOP-EEAS1CV9" failures="0" tests="1" name="com.TestScript.DWS_AddToCArt" time="17.384" errors="0" timestamp="2023-06-19T11:49:05 IST" skipped="0">
  <testcase classname="com.TestScript.DWS_AddToCArt" name="addToCart" time="17.384"/>
  <system-out/>
</testsuite> <!-- com.TestScript.DWS_AddToCArt -->
