<?xml version="1.0" encoding="UTF-8"?>
<!-- Generated by org.testng.reporters.JUnitReportReporter -->
<testsuite hostname="LAPTOP-EEAS1CV9" failures="0" tests="1" name="com.DemoWebShopTestScript.DWS_Register_Test_Case" time="2.600" errors="0" timestamp="2023-06-19T11:59:20 IST" skipped="0">
  <testcase classname="com.DemoWebShopTestScript.DWS_Register_Test_Case" name="Register" time="2.600"/>
  <system-out/>
</testsuite> <!-- com.DemoWebShopTestScript.DWS_Register_Test_Case -->
